64bit:
SFMT-11213:73-11-3-2-5:ff6ffcff-bff77dff-77dfffff-fbfffffb
init_gen_rand__________
  227584917278991605 10520864048801524749  8955512579495215157
 4661586232211569003  8202781813226460065  8176222731611520921
 6741569595467910548 15270303608916316552  2398214351150680185
 6555021504145700785 15022700198799365297  8383377351678270713
14297393850147705269  5989844955909305626  4200034848896729149
 5204784690814900947   715019435014393304  6123009612350471904
 9478344596306321428  5566075629944151386  7839298753243833376
15332563055136800070  2162005847409526201 17492483193297088903
 7510205396227635040 13942860013679742570  3905117470827854363
 4771793224484925636  4125500125297639634 13136540523526534595
10252287843365122456 10010276206718799745 15356860517849984698
 3344168347628880694  2007182535491795765 10447701148515566535
11879504438518067424 13497865880069958640 16458195586357000881
14549476116272152252 17299532811803374656  1669255917756197250
 6275209367110858528 14026481504400389574  5080741361971316799
 1558385741963949879 10801190868297251537  3625658179253560608
 6224421959267863334  2039763664616080871 15428655788058820154
17382835509584127075  9249011183477192201  3500874015270064968
 2651954463693054676   690347333875922629 13187642870833537799
 4929636467650275779  6515361326031326970 14996798249935558696
 2385574920404563857 15252942342896147233 13479596506264263730
10083205342582978610  2308594360165678994 11960975621610413275
18116188827631917848  5421359476934745483   505039914377532019
 2743167770787109409  3371996683876480070 14960671089517474550
12024494176746080841 13797955590903245334  4577788143557689638
 8736956329829363565  1222307149262929482  7093014978801404166
 1460628178445146160 15971178660655311604  6511551807260688556
16234647618049946861 17800958301954328996  2329214991541416366
 4402034793840118483  2641909376013934843 12027284900760585719
 6343583130449832270  4286762412949862458 10411674188463174664
12251066179806273771 10706271714027410730 12376490421816068029
15760134605960437763  1869058386124031786 17794960836017423073
17843501201244876433 13083210035358277149 16452047653275261786
 2271032587299893195 10461388005387765511  1708623417159036968
 5677880657733275926 18330312342591629385 13569282626869550280
 2287380927086064951  8885376958485719314  7440467854150195197
 7717345399113385854  6918551738525923220  4720396008074155127
16845535684922372574 11469730851749023447  9989088526495419579
  767694332457730356 16267825624340388589 10633043762629519599
17911055826597344067 15383922993533620869  4339445805850351357
14976832203754259551  9281482240385010104 15850466284787946505
10080055745919497478 13672788995646659214  3016425005723890354
 9012188038502569813 10687647731918011035   820483443982699646
 9526044225724143881  6810001880843267724 12975029701870359572
16120541810703396178  2388953189944254682 15256747984582750462
 4674290816294256651 13116219552755210038 15276852638115834519
 2122999103094083080 15868996317507803754  6788683906072646051
 1057734948826911245  4240962345500862835 16159992594623172827
 7690212034350726566 13268948742935884752 11988523054805251606
 3235748355598722103   988177905946390892 16856526012261954159
17902310065795673914 15424979744129101987 12347965560049225946
10767781785829471847 14152221068240453065  5637925064234135906
17344976220323424485 14128979614823223537  9131382373124314630
 8912342330563675636 13072092209371353829  5065922869712702482
 2771680896688220151  9011591236155147030  2716621062904379484
 4603371699489232738 10465301019306780428   491962378515284844
15742661672546817530  6851905604492061529  8760199613447273251
14739028215861654162  6637831451647102459  3613717301596352532
16125678303813250392 17571936519525379128 11420803329188406816
 7280028989457951499 11374366936223757700 13758593352167975328
15207996957759776183  9443978792737317448  1139366866617063548
13166274274164601499 18199293560166365603 15747760094408651778
16583642943161428816  6329974024319388575  6117935762782234069
14780224628038606244  9976411456522291307 12624693955757955271
  354288167181527651  2160815128666322816 12471414683610191702
16952321251620041398 10798318575727191628  2050144340164008852
 8305415835350278810 13069684212277127443  1039643907368796413
13529982342168637633  6951944942951121062 14725771033912686042
 2040428391910970634  7806690330383706706 16499203570012959573
  616050941386276416   957990049520663509   302239078303953206
 9525365337280668586 16790632170249481475 12651589442679111561
 3478074977586766568  1207724997862018620 12638432190383222963
 8124610690747760621  5387921098888582070 17355795311216678374
 4673817576893370385  7902637937772804175  5247502758878768848
 5047040091568010850  4637328246149140981  1688461781327459388
13887673435286819331  5631762590138694681 16821603157637893127
 2239104729476962352 15359998424860737783 14605925720128977633
 5772388873494908161  4925063011525052875 10801973582114555635
 1455139502826766356   342445708617050671 16737904814654038546
16872130330409353123 16996870435569963382  8226412267000524230
 8891555392594476931  4304089203476257668  7486469481001090809
 2504374769600628358  6535815933057454042 10010699964924137340
 2752871677076348405 11772146974119648501  1239572654794237393
15462845145147344033 17939575400741384479 12587311281502667866
16970065686265153802  9253514431904189685  7113059065620632083
16880016623978445913  8923362994550449506  3142213411073222999
12509890420660579073  8915619607526003195 14941763454910990412
 8500357888404473842  5087909921071663498 18200405354242132777
 2656966989346784241 13059329328171109494 11450706395802827660
 2892689450160528017  8910412931463158929   680315809541147996
 5730996345508625118 16327972572933603551 17909775007127333386
 5499935053561264018  4012566852085748538 13528273511469454818
15633295079958740791  4482205409135430388 11197628816439500514
11902217733101280406  1743110487010055184  9854685338111297561
 8389189349742795944  5173116801475485400 14587991994005934911
 2895738670582707174 12868391028364798028 16915699546740273958
10653728700563756258  9400611838872824788   325364952653382802
 7150800271238687959 14065911187685114152  5107857237896805391
18176268420497654164 18117077086094778354  9328609330769915035
   44065470732420536 17168893063538775870  2789524899104158387
16616077873414767577  3312246479026805129 15735636190728504318
13863005391843207332 13894768819514237082  8367575238536120822
11299361477478728308  9780850066811503644  9729039068926242248
12162295549582933965 15243589562460224415 10427572263496359001
11966778108221071201 18168018092332771882  7914252700607323868
14605022349108979414 16372729989636791097  1971789960566577472
 1754089882773999705 10107736863828168628  5315213283505492509
 1994705537817627854 11620674513670064539 13112770839110451483
11130944827049220711   386616911638341051 12489204392664173553
 6938783933213315566  5552701282035254554 13488775176118434696
12225287041864671150  3665843424156813897 17760431415272408882
 1180493341609375394  5460412616130352849  5495107010221736215
 4869538977681339330  8179545306197953927   443042360755751117
 3479363503012581522  5298188638985996456  9043088510976675969
17336951951918564820 17072388238224696575  8964844823917918143
16135966095484066886  9934403900091104980 12661163922511092727
 9804852083495268459   543709111612566494  4087258110273241032
 9657369639926059932 16191621169265682323 12241530090335968817
16819871789365326278  7738345976887809230 17562483687390404986
 1652572867514415421  4987331921937282058  6143087052198375297
 3983457386579310385  9932381804119892335 16135837752291775763
 3954416681256491641 13763787416336089460  2610915471384888399
15357419553111218841  3052235863983296538 18360219601839743131
 2383873652917777118  1685958749478305791   409792585633373811
 8686127428872852131  3604137650507457734 12356772617384838095
 3325004837746848545  8385919289385873178 17807651640131545034
 1974704902992138415  8824814097258897826  3498904229047853373
17579580924767690439  4076783516632323134  9979265525084700983
13837698720356251966  2451005537884917828 11689715275314255953
  789851785957363408  8265333759582704362  5931682068127123913
13895417552692340934  2032229837547283525 18300750001309282292
 7883192584399334611 12811274736749753291  3360501092631926471
13284628430390812090 11639386145878753184  5986487893280453774
  809677820170835223 12954524767081460920  5581775444667597928
16246174826729159926 11534097410338337201  6275413350465978228
 8911249263890751657  1210599753494139942  3020234083292118791
 7999864049501178719  7105110457329792208  9171768255202356401
 7034376935859947049  5571882831229602596  1520751952877671801
 6322857505071789459 17573682440228278260 17630069894962258138
 8685462398474557405  7917497412478842126 16171028548726066175
10420556612485483900  5036647855707743610  1061051708124800401
15784826874988706019 13307808541291682914  1234442902327435020
 1036367797445520621  7043565139310506854  7136141367007548412
 2715886894061386215 12576725827175706582 15009166166968634415
17273994502173061621  3118901623407901656  7050528038251472477
17158569315502497435  4438475289218203083 17447180286991324013
 7240213113835743708 16132376992359656069  9680282196969366396
 8487750629516679771 11328491946164556066 14380505787297767276
13359879941712906160  2365585051177561096  5867016448741270539
15202523179440061551 15407094427773000093  8027674098786563359
10923180338063306929 18432224622707958026  7544885879523463085
 9061394192460851284 11930369649847387156  6233412318788842183
 5783265951847758074  9714720254432074895  4664806563541137784
10432569191595849029 17312686898697644419 15981060710487145350
 9466711786520154249 13569468333736701835  5357806468146059120
10637881627813250549 16183412755170093156 11869704778981417870
 3138765854408180639 11543372348482769873 17043603300474996291
17245565875341653982 11624466444132433905 15773704840264758728
16069071789352556760   620239112103840022 14137271353276639677
 6822510693788432844 17534993317219434326  6669773458742611550
16775340093443259675  7578492991693495291  1440129093581869648
12537108858132428455   661360597598007351   173339076788982582
 5688198419740799996  3913311997441117091  9498371936599096992
11046866722059733536 13208612624260941366 17948039505915204549
 6639710963828236261  1447027670603178855 10321236944873915118
 1563261901662491952  4381466607341215481 11697743448294028188
 6274700106038885658 12873186454690848976 16735311929046119663
  224605071373473784 11691908112891177787  9512438120128964787
 1160423877747648233  2345274788961764112 10764664021154373057
 7654091799557877299  8060622411526277440 13084031850030823577
 3539361582613977427  9126450077880602730 17768310339122885187
 8773972027335337964 18034842326277173910  9255403013966468598
 8267420086713893359 17018293095405553650 18350398671147497949
   32387982600359554 11952403750955005172 15479992350526635054
 7049812899094172571 12687829416071835177   526921281051080615
 2972401589119042748 10272898368322967169  3129974520418395033
11940975455677879253  4345765164656876067  2113662902318818647
13487442494953515751 14676973317101508457  1993385435068829226
12773151910185025933  3632955143698584783  1619822945766839380
 7344074640887386907 10917282848860231194  4724268820205123716
18338136853683986404  9936058392801131002 15631296197916477427
 8584912608773519003 12180411013190388248  7499224308335706305
 4855057645120594433  9590648402084508041  7251483857254723415
17040468239519303340  4676130266264672083  9811883138095900906
17730689179372794254  6344538189899990882  9594276731715594421
13318557592694189517  4278142110975458706 16492547563980311784
 8864262199533995388 10695574432955904287 17100120588901293672
17777647848092130000 12873096622836689060 13587200742969530684
12237148204306230620  5218777764425707075 17238242864129985214
 2809133303594607004 11497775961489348711  9088970030623045491
12248618629621278136 16766629555180091000  7675796787678149896
14420186898763672831 17024746327741288413  6296393006157338216
13110920757443744208  6337566123897852278 11173989015374139439
 8897461038544480083  3945096594142662904  8463360428096317346
 8108185820544199102  4709513320433530900 18374445605737581758
14251477217951578495  4847105834059704005 17172640595811114548
11296090798514797663  7478938137284963608 13209639663720287592
10346538282665613172 18272989552651184949 16811307794655969667
13785526213848078152  6188307526652112575  8236023413697940320
14701920846690334111  5199737233994396047 10698878504941344235
11121466220308860983 13609992368112903152 18027118331513110914
 9045201397245268927    72931528311252073 12817178865411042480
11889933476687658642  2650778105665439473 18024700748593981156
18035690621504621638   651099560675214308  5441319382976784006
13451968899677380925 17421424747584519788  9007529949361567960
11740934314879118798  4617132757120664883 17657711203188277190
14563860221607121945  7688600512975573732 12713004992679087283
 9948368930783494859   970195719178406399 15854856682288536766
 6456959381688862949  5712714697386668538 15306715209456955066
 5995188309224844615  7073660884741122164 14368000111917839964
 3083309825922665593  3238577897971046436  8773082532806638123
 9915353453661237066 16773767924008018815   877267633639596908
17762357340501384551 13472217678646055766 14711009214849890389
13806074249516183728   649157414261333784 12970079639733170298
10775286160560445483 17345259203206521370  2605888367474279916
13885126850170939770   959083599731752846 10661007745632676248
   68373815812096526 12004347645463687926 14742494612556400557
14248269746167548649  9925939387893236523 15684546997881638732
13142372771353821363  9624665060798015210  5690985071887117744
14817228299837724644 18319240536186718555  9380971742211806912
10099822642445234777 10289263020871690750  6135028538257812594
14228879306277867283  7380104732421734328 16291416628271481035
13083306851069616528 12699479867015517785   877878477066172566
 3238598875719615755   945352724574029590 15639086526942236885
14102688646317691946  7184529006982442194  4523841666524238832
14271196193837299594  5550443327306923740  6304610716536514248
12939596820721437778  5498485420179315575 16359768136805384480
11173836722036465015  4954922693685469093  2566742033756313775
 8453944439940729086 14339312940511192391  7895487085068784212
 5471520076288769315  7185110602748010596  4483951868884603037
 7084041607309806695  8310349247413219734 12173952348031100759
 1760650655261255106 12833380821009711777 17478704617402516300
15131537997516363265  9137675085799979481 15445907865980952301
 7418382063661019721 15974966625588318567 18386531151965308674
11538405734859743336  6706453710024014692 17054973720328279378
17967207396621642504  6802303625657641286  1519364083537642612
 4957684135573735437 15831085767888383925  9900473999961542502
18325877180262800662 16802221730828606854    27946817525095588
 4235918610960323497  2037940987562455735 11068446446921211402
12404634036245337053 10167152852768610027 14133412352946196225
15032927879005780228 12243001938134817595   541163765502792239
 5803965922862257071  2054884592980219983  2171585052589132780
11953194560566270282  3588872552150481339  1601786350673809759
17160113788348748026  3411920006419666603  3747574157801400198
15569763600068171576  5116991254876109258  9316111085189830843
17357483798694903292 14783057472335178960  7039266115839498028
 4456885106486571486  2011636131252852375  1420359734939355773
11250275130836902508 10289640996057099478 17710221229473249019
 4485768613974538924  5878034244363010705  6183521132581117215
16957069313647076866  5320731745429131540 17351290262883244078
 5144935056581039067   585031839875925814 16227172988853357138
 8906106643625593583 11149043992835617351  1317798261432644128
 7507266855671881429  4964907636980862680 10252295692427439285
 2615001977027748856  1372410025055100735 11220986536465877343
 5276254721651912051 11179933904039642749   175464348202077110
18122134784638112082  1249767721349938265 15998903413230720948
10314486746354880541  9936721741139704916  8566490410972915654
12464205809555218854  3310671984634165054  2797203966826431049
11172429388177719149  6476497619550240163  5106483455071690158
 8946274732734620856 16113150722182175158 14308890170697169312
 6153595073357262144  7910925393820797418 18374677619489727343
15036402950026933934  5520467459237062531  9996580768250752279
13747751849501380774 12326630392078657555 10982823027906913715
18331755391811209873 16486428894150667716  3921712868278249032
12586001462387771324  8856870307688647290  4539870860240592763
 8157125704583120688  9484376230969017040 17550342685226218336
10769622181882039588 11719388276546340502  1757760972270821201
13363703160865398142  1176541087259619095 17371071394392498708
18150924013570676861 13584440176221116140  9644609737490789371
 7672806594700028262 14084325816445195087   924023189778674882
12477425918124108710 14034174433170428475  6526045926547324975
  610188521463575718 17026137821836410893  4789433457232720018
 7055637635845231133 10672061638771732456  1159408703512260793
 5022482133030735427  9863066996065775412  2238423587025071062
12953987412761684077   428060239214331695 15728702578101513847
12398684401646881193 16743710264356829911 12494598584162126123
14804550604649430257 13273317054251795989  4837649387357176316
17050141162584174360  1210299891461636385 11959902186885013850
11965136897098749836  6991102975780746810  5363743864819795326
10129557233433903227 17718762665393079317   741996148099677375
16513739033646821513 12246104640765232201  1442690451330993195
 9411272231530798679  9770588143327693827  7266813995106348305
11938694967201988326  7597826454660425264 17916318118125629470
16493548000736018810 16166422627356034558 12725162630593337971
18300432104265418059 11224065438359514363  8724023867934946916
 2588064492319587176  3137378286620370343 12208314488655713611
 2857305823069858412  3128083633819265255 12184862553321849525
10510650027998312533  8437736639673363756   942585287925880381
  698709924124769748 17593068284945026787 18305922462622319844
17663346184752984742  9635925228530885890  7913492997854076766
 6891798147716023600  8385013314810858434 12034326007712206757
11653657637696848406 10575045395299852920  9357070366840712803
 9616102911376953181 10967891083014618862   707220405255698036
15559125580074717537 13294450698515510895  6295256567333596962
14334613886802526617  5446377049646499063  2768277038199493620
15637293637682735466  7152655557473237448 17434279940027381923
16767872216533929976 16804000294237765941  4587787139024961618
 2705066703641812642  9661987054816830771  1373180541302415002
 5631397637921352070  3323708139507826193 17705241380058709883
17607574049643183782 16822434736353645777 16083927583661049551
 5223344035243140516 12828540757364121565 10445881285653093608
14619078374934189807  7056991690285577418  6332923888297304563
  959432483559551301 15692679383512066248  7441510068584844509
 2688596506769951851 17214302601887571126  1348989355185807573
16301342120247417147 10041465225336657465  3142138590781986910
11316844755296974422  2269727551584623631  6319095867581693974
16858373213991022390  2312121895832536849  7633115612403115273
16864946184120441967  3317710560992037290  4309445456659292077
 7679950513757456179  1921771162956408048  4386950712904158693
 3952824081863516381 13599374600194355916  6636275869780273827
11679534006231456698  8497284285873213387  3199765965789429824
 2723036130362991745  4434972907931764365  1554375981248264343
 4200817416279850164 17760975047932672640  4349401218030600564
16849074175631027746  9926255000336511958 17791320698276765072
10326418725865022522  2601734706596321732  1587515401275430190
13102883540359602909   338979236498181386  3317212345108009181
 4372410793113937935  6200138724292828312 13172531342527880036
 8973788327088013266 14468153204419661864  4963019772005131741
 5280301515151324993   707769229028396217  5992889837816663053
 5416201774216211483  2722038771585069242  4831041939386513777
 7355796282379208808 17808800355665084528  7365854425591166505
 9704023936878666671 11105688564093433881 14186180530507912182
17385234591066374444 16657309364506781945  2721533059814889653
10076395133426552055 15668122180795588428  6988515567750136366
 3512764173069499917 13022680485603519711 16095883388792660277
14891512014569729906 13032144971596761291 13854816721589752897
 7013188732059856644 13021353305782982556  1628744959860709342
 6003719637126822435 14396856524749247528   191827741840512443
  597568406589326825  8120571860079012608  9021813545085810765
  787493214609623047 16730395632086150908  5720024032547963335
 5495648304801469436  3312338199136931276 15764409572560679129
10347160853925436465  2139872369365790920  6106159732874560120
17501361100656720145 12190346904661731632 13241762650254243354
14158985971087928499
init_by_array__________
 5874163505801329108  6832807179839576132 14906555472477832613
11913120791988687859   113668996103044376 10954432300836646036
 5311574463054798414 10124327921621477830   525893008290466935
12117095330598873442 15590655929811425862 12802129604590145483
 5927971042208076085  1016500805246288017  6720415626883454031
15889116439199770883  8448254806775576477 14253136112202606755
16880199130023681979  4099547831598042042  9290942518280793339
11276963095815102958  9657833879770345292 12634227956969458824
10231826837690000677 17753576709838239324  9851572108304964058
15744119848829529956 11148020825793043042  5216260145140305083
 6205445305995314737  8027503012491475434 13150162233242710352
14015566518982876925  4365099204969575826 12953970224708751568
14447241046262616356 12152047271159021433  4021403700211956750
10579567047302000900 10353812932006062157 12846020666615346297
12490077889490083378 10196306747109700325  2610202521801554032
17291775454395763671  5710255287682769052 15214743894955005515
 6621534099585990407  9485543790870637996 13810370848589162380
 1483845244839091629  5441081539441644580  8991564255772634107
13208662627628954595 12787293889504487371  2524183462609807959
 8222511461854464906  7814957854519401532  2786217983924044119
 9005081465982885748  8114028991514393325 13093577914686786872
13859991973749610646 11529158079514575794  9257076922299939951
13679309439727873913 17308906360673836676  9450224812466045544
 2572535067676007116 10099314497542155002  2601906999460673347
 8704320133633968838 18061276712073341614  6935448013275133442
11196226882711770104 10786262190230572346  6019204275376308678
 2335616593433596236 14879190538602828894  5789261371072434124
17290499196174602834  9633845038560780455 12117221580083856017
 2768597165771713776  7915727428720001972 12511098676673112190
 2911627064878961772  4849650306517271105  4034263968041459479
17037166085734700187  8401015156845451720  5056235456681370399
 7797425366261436691 10440453058306815867  9778639771558569455
14943767067231797144  5652084510211063154  5919015561264837693
 3220571915761135207   145002754138182128 14180467803988136886
 3441992074337190397 10018328457224201252  5397960977042699031
 3981648172761867509 11309589233970178886 16942139927994089391
14069126059491185142  8598915698382868267  7934366022386015604
 3101521960189061392  7798538198044884622 17769487876999929314
  159567757130119231 12416006281805952909  9001815251460165161
 2555053829162091689  5039673117229889625 12996927048002498252
 2533688071697785912  9851701818649844244 17475861690359690471
 2481596813065264923   179504672055932194  6433550161913029036
15268690414421838975  5588511298918449965  8671932321345977949
 6734945264499034249  4520110696327519839  4959725857885036892
12360074710605917623 15489475390796173129  1266636730602398972
10222944372622542209 11145548991008648026  5802045482828488044
 1398879881123294085   589272508847572979 12182754438788988525
  894074602382747025 12516116637601408220  8595002752315058245
 6328776512468489018 12458592886918904516  1549365216674381518
14806470413249836684  7042400009675543710  4721872134150401733
12373105397335548282  4658361561934137091 13297045213898181651
 2468525945477502268  2754859198858673768 11140758803252034995
  752226544021091475 12792357172907011222 12675479905907373020
10743403690250917888  6128208422279135564  6571289960017636736
 7071219192459806613 14773914232012240162 14936331891670955202
10507980637039662937  3171811399703502369  3559972129471207129
13318283952237188571  5297150241192004651  9309505723323028214
  440463188145835973  6686300871106682590  9085826460145359259
 6951290537248990589  6066503942900460220  8666723008911566820
  306618524723083144 17094878624316118643  9385953550560826998
 8587105686059514660 12070733340890779602 16778917526480593791
   35274954721536914  4175378994224632682  6995386178146310538
13895773112229895378  3955536806238045342  3400453005312478255
 1189482135590573673  7079303737010727848 17794226836982910262
15492531450051639213 13818037641882876466  8511652185295856950
  901385039068613924  9861328485994903796 13172569742515550174
 3438055695627883596 12433447560403405402  3546338788717378530
 6967513073978701107  3039546555338443520 15812399393043597992
 3333591117905298717  2957490785747427897 10011672423325087851
 4887049046502998734 15723324765336542855   977633662579490492
 3171712153681387968  6443130272666526367  6776681200862219651
 7468685878746440244 16576058638177395963 10913690528460018459
14787567498211377122 12569648236132608870   382433338446485444
17983254208404932579  7904701086976165732  8385910185606310283
 7042057346926215898   803053475116420987  6444481863955330153
 8834009977260057139  1880204144113449432 11240522489670984981
 7995761806845370193 12111929604833700674   369090035816964296
 1298696024199428676  7073897321169169457 17578763264264579236
16139167650967890750 17358725605398382706  8963268368366938342
 3778968222870365815 15453238303594750030   849281698593659926
10399165635876186159 12828678516350053011  7013764259712259063
  991714088920678883  6088534565607314196  2016080672140528484
18061054633694598119  8834715620881553701 17030040163302271206
 7165111881701597741 18011811804491584282 17967740649426134276
 2357505251567922007 16509899487273221391 10142296958629122969
15379102182307723048 14176998837349248048 14530043496664801907
11408096612360631518  8739667881233637249  5551362607373077011
  657971269114289208 12806572999852632513  9198232202305370005
 9530291098595502312 10297432524485163509 15973759830967584436
 9617684666364804822   811032035388156265 12038983094238640793
 4383112630730230081  2836814477860441178 16618180809589244472
 6080584617763740905  5479517942657032969  2504032309205106252
 2822983382825190058  9840516946875434059 17187139303173276396
12721433448359014618 13648718351044090513 13487063954518721622
17729407320053604207  1116763774550198475  1550271124444054765
18346638708616396511  2732385467464599290  3601235671814535809
10367577400155308306  3332854656666888097 15979588952559662041
 4998952987484169293 11986165740256358225  3299952664071871806
 7037498064052124292  9491269918258941931 15254616498624009215
10123651379799617311  4899192038100049546 16107277902939646149
 2348606570117486138 15991477997075966319 13005771430381834652
 6879696148686000597  9658033952688873842 10490827482009193178
18306383091527869245 12855182377147138929 10373592427222572342
  399935615826893401 12362654771169377550  9196337463722502563
12920583728948804070   918125015787984756 10009304608120105799
16474697225135763041 12320507116259867121  1602690789147696946
 5022709732049929385 16494082302390194785 13666173237548969207
12921834561792856677  9097602575899888165  4478357361713667952
 2133572580987324479 16412811352776373514 14283012611868712104
 8884366201833168015 14945924469427098441   702341827893098897
 6912533072913913234  5392454207455973194  8130732692245944931
 2231184203183040425  7627947406596943296 13785571668583431991
10701152953973116841 10749400006119032923  6313108579073880113
 1719168973077625216 16321602247533400736 16192089000161970233
12984185119525166834  6258550674230498362  9956993466365672688
12839284977979053668  6141025447035862941 11125288364631740637
 1864093628417894572  7372313451779490253  9469137173687133198
 3523308712395736354  9258377855204919802 14540912676975401358
 1923940185084247902 16236370188656821071 17789963519618974547
 2384146593675145413 17295448956707462296 15131726701391205482
11779843209721161131  3196678404345920901  5266406566634988941
 1647769947947682929  7674522703350789687  8654558648089632147
 8661609144954529098   658756280082306963  1918076164743576256
11168577967116695550  8489298024401343913  2913621619408831491
 6622459592457591336 13752358834919317096  3255850550766016635
18149325141415462637  8441518068154579126  9322093323538736149
 7812683088700894257  5716216037415826211  7372311574598677333
12874985338570385024 16306219697472158764  3433859437856378914
16440189160942820838 12324294126750287669 13468151794563127872
14711428549458072837 12837059816049303277  2327954251121728517
 3329456789591223533  6805810561698317561  4587196452707596772
 5643216285804857610 16567329765255987154   727497230153391410
13078960086177052616  5818034826434437111  5880401218144560272
 2781968334603597947  6486201696194638287 16844617352523639194
15059281300141809203  3954045127895563989  5514297641745645777
11786350567803015237  6569810733312154037 11047608915489184659
 6565424889468877445  7690538674474444387 10404664914112721731
18283360800265228536  6359410618717643262  8100818821020855258
 9055757606922510588  5373893186035372734  1923522354104282517
 4181999479640057203 14877387477066712015 18151418789122570464
 6086653692354028182 10282429413980548601  8995085539593193607
17417025617598451821  3239756229201986609  9730409426668964157
11035089423371064094  5747335551552059778  5204858642887022238
16566942822245268928  2483935542119312233  5775215129130741568
15706106228531280867  9136438547391216269 15406238635584607324
12287405434319378316 12023675676856383794  7238254711675882396
 3207229503953455252  9996228692019466681 13790121593165478037
 3083007902514353372  3321141017376384149 16892066458758742956
11539611271728216332  9661734629471413856  6355787323610256948
 4184144922426681947  7316857390783809060 10974914587588120594
 2767625600825790438  7706117049627860747 13388001937909602360
 4276273278456863658  4210108602790677108   166040073805154249
 1456591019839587818 17471606710059058068 14298071524053984903
 3933932614313218525 11453129482148758254 11306924229921392953
 6606014659347732214 13492618599247830882 14533051562875655349
 6431826125770004745 15452144740351142610  1051197945375806244
15108487430987301041 14807709857136082005 16914928920569323434
13925664041061359217  8936616688637204475 17522051624496982833
15596502484623324975  4684320412885231061 11486095772360589194
 4901201459004241601  3958640984821489917  7754394579730854421
 9727814599838388036  6995735509314795954  8532110497413421272
 6150615510644237801 17937104357338168712 10143234357677686804
18315980184108963153  6188676724711764703  6948810796855620642
14393262732730531872 16647851233661625490 16741205360609891974
 3758685852329308782  5862935607054343413  5474690393849682312
 7701900651324398761 11532443376386653643 13253678058017217528
10418706448163297288  3628858955996914669 11392351585704216493
14314188289523306475 11737948625999050488 10306679209309181308
11746326374034609729  8598739963357297733  8361577827070801122
 8847750244416306196  1255289235135009033  9087555017427360218
 3263135712733601627  2916015625637045047   512051010545805361
 6920912055853704827 13698610064217578671  5062430058832767723
 1768508976203978207 15214812145309241712  4004208319681765831
16437881291298489464 17934162195917440981 15703660058590623810
11919902413604666056  3182622930190713275 12921967994379017791
 3265320796375613163 12440913295171435644   553165279739987980
17413969469732268533 11627896402112589207 16750986303774404789
10226365168562312892 16034903451032177973 16855827480433748393
 2533465127760144253 15294075965614886372 14857136707313784568
16093270312648770309 16569255179210377570 12865381768445668214
 5115840003916295622  1635256167095718647 12441977669683018903
14218439605297359166 12587890422439516662  7493219692113576636
 1482148055700708118 11509001259570647647 12223365467513090930
 4173638498288684422  8906500235330427179 11158538251188178888
 7013646708312329754  3339366281834027406  6925139127970546304
14501085545565719479  3805225392160705072 12793737445050078458
13534013293749292888 10606342356671946279 15117156970762428203
 3751336079035445678  4947232338568691828 16072555649377560159
 5794030778445978844  8534181455894965877  2567837398861615178
12973326676853429651  2252173350617739572  7131277913607060649
13447268924101412201  5833708862140269046 17401477530376954558
 1397062417399616279   311150299990175398  5799052128059031242
 1900105362197388157  2637390568581008847 12627541289854049154
16981548777722860219  6968123336981424668 12721118564043003115
 8580274178452854586   543631419381158860  1204517868837824922
 3424317713380135904  6818273544268492942  4496281881322457680
 2206171082184078950 12437657858661513447 13467762281014270825
17978892672194301014 13568933156450527340  6453066947663939122
 1802234573136687330 13451050868402030015  3466238773558818828
16763393178478445912  8291028785468741144  8094800106537213962
 1789589676726480614 17503744951646265124 10985542322958382103
 4216240000987197253 18035158052712584145  6189818967779547366
12448020303846446026 16428825825473480594  1735581014015157955
13889289408442011592  2262652725459764379 11810112542001177000
18256715882568045561   393176824266060649  4229713975088053884
 3449847378040916717  9583324000402573396  8758045990384724682
 2231413751508007674  7337916350416550612  1223947208079422232
 7260644250439916366  8791810963545151933 11309742636602755609
  611161237848198729 13521263072445255987  2592461658796189996
15640127042829146766  9467435502259865593 12084394798251834681
18233305445329830027   621053115431520683 11830292163243684601
12703280713228649209  6535140634193953733 11654187379688852860
 3155888598945514424 15405162745338430067 18151949756508991293
18089153439753130538   809159030331664228 17701744010080765063
14968402664107341442 12691717892579086176  3028666751109093019
 9206849329051352053 16250991805484588493  6393647113472521007
 7763470545918338233  2441204933717831157  8924901103405225207
14399469703952121890 10856308373514137222   923849200670499438
 1810918032014445553  1805624539610942595 11543611992014558805
 4957955435093509401  8538957406625403274  3824141433530135647
10920550923829378703 17760939404142631209   836303714265653655
 1196896624659031835  8993069178875789636  4350344031979913173
16011141927731990361 13166257551552219949 10773482888337084269
  793661622217791089 14265645277102733905 11002629321185839224
 8181623766981937778 17251344214535487743 10325952779430331758
11486536637013734031 10264015893708450089 18400620302573505525
 1417104754455731185  4925021056637246451 16135991291323226976
18402339014085053242  1156535498443126482 10401177953004759029
 5505868128536883067 11307896286756043625 15762190091367657240
10952699216646777573  9392059781679973526  5730022581163431408
10352950072852082304   565812984059852881 15303561630110268150
  756865394847501974  9863450707218812039  1818221179257745512
12770726980504215087 12942948940423977109 14254158607834058775
 7712973678810926009  1466965772266364951 13139474326559518319
 7304464007367447569  2163348667507388111 10929677101793458715
 9741647250912348966 15545757206569852500 14706431799126775542
  169008324589008842 10125583465712765302   477490173556674106
14603413221242208314  6116425660589957692 12093448255473987731
14286536204329480670 13274215687344436675  1315030910029681896
 6720596022434032604  6919332963896024906  9903014395160556022
 7133189540659334843  9900975917395884505   180320634126404035
  911195771228034764 10113861976398398845   862428288092280023
17687101286344303872  7408901595617877732  9914939226475901368
 5331112424850487791  4990158960172109745  5097214825913303697
18251457558065565380  4148903986335744579  5551764291413312325
  124704754589862502 11577769491697637773 10844668501246192931
16845857722468052818 14495367509956157201 15420050831533969618
15759554179414011635 13803887326999367751 15278297594857097886
 1824066540196596293   656451834939405733  6701916931075991569
17266020963102599712   881675973664026126   374483822861454642
16495526614069993461 14903831844069387499  9948593955149270874
 3492081743674743956 17816852730919616575 18415652149959187595
15349962209958742749 14568302364480356016 10199614668032020857
11003371231621746556  3268926693041768307  8213452439301527819
17465622817033704560  6351033209823813196 10090228977274981176
 6560196562944269201 15069432711750270289  3255249649102285667
 6451767884756078345  4535885740347076094 16325675034940489143
 7071848486816477225  6677360786934373717 13562275728890775494
 6410809269211967227   725963506176960133  1057651025763820578
 1972819035346321067  9847690629038127953 14706089370672640854
 6289320446110761636  6647160303838055104  1241042947793930522
 1956745036099851889  5031081098767818475 16569290229008161178
 3575008368374289725 15430615562765492043 14483428205474942554
 4481274866215798181 11534509413238878811  6587598818554426070
17740136263486454577  6360401830561080120  8359323874228363515
 6384732019133620344  8259615038641796819 14798194448229620076
16146683026388480823  8867787814954899632  1054861576969968168
  484077429484252097   303956987508070899 16319438723891775887
11344111463826748632  8963215558588602439  3549321371208699740
10607614932804685308 10269801702810783820 12481743485623525429
 4496628593940169428 16008213240541606758  8229839212611032660
 8528739264943891479  6444581089082547388  1559525370537467003
10095397801426933096  9505307597155986891 14477830411295627732
15616702891997952247 16598030353181327363  1095865777867088158
 7236088518063227543 14732027472025445715  7126601851247393931
 5954743462466278852 18130988463491128195  9803569476419051339
  892947632261688461  9809403027497096807  2029876923469777230
18114236972264538777  1969283201893082698  6551681607393029727
18096996605685298734  1194361723777108100  3550443833401928212
  443205376444034046  7018498735262933238  3239243325045614346
 8260105945212515396  8508539596562135124 12113022881703132539
 8079484928388588850  7393225289358144136    69597848394188305
 5090131800459596817  1216312626196406994 17698542045670145028
18281524634888287095 17030295035513411241   146329087426903770
17423821141670640726  6773710279851034296 11985488225114800144
15149302092710183886  4837494058276967001 16216440012446753643
 1684821618650420211 17090238214878694299 16648344902589097235
   84669107025745748 17409444380811959866   824154520004383559
17016442922949067472  2159900236836529235 11666675398736710848
 2529103421299619907  7222745470108898375 15692239257860687865
 8591187180625813709 13224126088377032023 13478775157800891945
18104905975565731181  9953236345397247666 15369416129863026500
10766667194329557545 12091363313228991714 15372924687429845231
 7704081141703427995 11827069838002793555  6573748461640810421
15043764147775430104 14346396351824042147  6036671122443519487
18059615039106061136 10530723605359142019   293653039018786849
18357702182789716048  2004569606009576249 18220170543674481983
16378222271661123757  4365114427761003470  9162775856886634825
 3588715206245303538 15018709390990372264  2847200833800268427
14655833108859244895  3946048701084686463 11018293118032474814
17951575145385502212 10503760758391950303   268101179566455460
14236273570279844444  1960772442970951130  8275030453843493908
10424582950757646151  4111507808351395925  4352618930787414255
 7684673175911827270 18221392845604747487  7547692692058669405
16482406553537663584 15729268085770611450 14765426239461376073
 5510583110757285261 14919411433332166071  1209956819699892328
11879579347546735879  3822326174581167252  5194117067344644719
 1982824747700479309  7797488595419950172  4701170039884086830
10054296297618639623 15556310125273431655 11383791077014620521
18287151700980692663  9237561886066039628  9386236156085627815
16597435067012600807 14150782147629587794  4199390917124635677
 2762137821475737790  5843865292635442400 18344083547801088923
17506038943671479449 11212188198974529924 15212282934699219423
 9302293550283468416  6657253670850092798  9660127466919134662
 8467386862882383147  3307491367168858334  8184844567478600779
 1519129419453678719  5730999845857687529  8166640873785360080
 6357433984681739132 17568188609445846315  1191967626903586553
10045282208711787951  3799492296313900561  4537310658139380246
18421963008829282600  2161822406531567307 15055681632874301564
 8214105847870992526  5710256594937666108 17825849492791657951
12546333277353720468  7574108087915817326  6006681265186129874
 2584188978223855036  2795824634732528613  6771350919036574361
16667321802155925113  9645952268635356314 10047193764469492613
 6226852171436659116 12105768322826654332 15655085124720295439
 9198000968124661844 11828749882265943406  9330183088075576177
 3720774398394158893 11374672206776658703 15229563784636454851
 1912835989150071380   473483099747783618  1160628982867930770
13852404152932101386  4815428410040988698 16277886305876261095
 4354070105997717351   742232952506266509 15305987394481998109
 9321221665524274901 17778522802971969048 13697007646383396819
 4746848402541025747 12424776716926736961 12338453267909281692
  253071857743111969  9487341835664992540  6441207399411601515
13326709826484289120  3317281441627794723 16349152581067471801
 8756217893867090236
