64bit:
SFMT-19937:73-11-3-4-1:efefffff-ef7dfffb-bcfffeff-fdffffc7
init_gen_rand__________
 3776634267701169402 15732913336767850511  7837668573520476819
17066387299209855079  2698476150782138961  8093679191150746335
14444571500265846092 14754738177030432126  7076351268540537443
 1893458376226482488  5497586856387320680 10896061560667201606
 4446163134591559805  8233944026272163493 16051192158195618556
 5582956279136358629 11944461717925330800  5019049066602335400
 3476484660057225874 11696331354182280675 12721726622927642753
12652964489523540265 12705272756831355836  5114013562336641965
 4218371539151771424  2043979575287968553 17363571585203713551
 6395490885096903317  6439634943300042623  5957998080943230981
 5266088263774733931 12144837599651538697  5973583865214064229
 4296206532366644540 17050289125361736690  4294412730361999962
14823575262406079833 11898784257159997119  3628475645994081698
 4981614443667109471  2091679207632788255  5173433382686649476
15494428367388380437 15946487024240512418  3151883219551109541
 2986337550598233126  6560809315755187151 11882867305252138331
 9488118936833605271 14322948977936835464  1781908959798239075
11523605709707944221   756945314440092324  9283707438315491259
 4216549421814138430  2809147477512209884  1254684041181613712
 1506323551986026606 17157542796021649105  9800648975950205944
15296284328447113127  1221778672399827206  1585474322713527438
 4818586273302643122 11382522105581700471   411428336539646795
 5618081294266628116  3135726707811248739  8811801986299531622
15553631009367189409 10717932749296508019  9395611209846250983
 2448987706991422761  7657430234330433072 14514061829018769413
13551860078199319042 15814172778068355418  1340445264570692766
 8314168105367357320  8406416699072247445  6900504302347280356
12690449103910346238 16743958878915608995 12230417281514240218
 9462211782066783993  7175504238368030809 15797885002490012828
12392424687900097224  5500410178987300704  4305737169893757777
 2301208936003330253  4752052511523263301   114308044667231378
14115503690844867514 10672539710705601062  4914973443169683207
17522518534770114236 11812141416611565280  1811512364730513681
18202275105408949302 16039505350959567926 15382305221374166442
10145592375507137281 11725160853794577134 15635724862696056114
15720429544198087735 18362068960578320257 15942272718827202260
 7203953942819636249 11766003501523363572 11498391355336532505
10208164319949457395 18299164980224982465 16757745793809340463
 8265618207282851360 11023314612184531566  2093190564038080639
 2988209644098622680  6952245933755385636  6111838470737258571
 9161587044616467161 16957747176920310182 12174806484519027009
 9094802480881775606 10964205082686525183 12719187535294074349
 5419516697558345536  5694683037893556912  8895969254644267990
 2802749015637474110  9885736742394766370    67470330095873787
13603708863166634862 16958528041339030213  3418703293124368034
13508445901240615862  9109797285485836671  9385623409205793733
 6538827921039739899 15877699134173720297  4714590563321154392
 2462633513067460362  4043636990252118033 14449547659540670487
  613281837846896918 11995305804020378495 16899041601217635530
10047245967403870307   364698723213216117 12212984034398768453
11511191738180770794  7569402100114473119 13420965743670805042
 6960330900737513198 14573946240272872129 18424887942761157166
 5448845092358194301 11053383483639333094 18216511987123502670
15499205506977394248 17243519245839652732 16033299793356961665
 6561082592347201485  1726987875903678588  5221325039458933093
16246381336743280646 10198034908903580524 11258261247019604475
 2505748591495583976  1538712237106847027  4756392232916619770
12155826890069655336  3944274446253488192 14694888299388341363
17066938812742091517 11026045686899578860  5768965968355726582
15954272430557077159 14501315650196559383  3234663741014868762
14336712705626729911 13748188982212228909   624152632440203384
 7414564545225955580  1789775031766453307 12786730283332503576
 3949731097130045675  1958213966995215576 15486026995387022839
11320320173889637843   801395774836137234 15178858048088534384
 7368620053889702495 11360577162709641711  1960540681006896458
12116246797576244250  6037963944635742727 18417717603463249504
17636624980826514830  8644450554245262530 14201119980187717590
  484058674707652821  2900045530012764007  1234137048152584419
 5987825026446937313 17330945198828080662   725574130781406243
  646362226982756271 16684510321969098291 15142779652637576634
15129842304923266457  8085914349048333177 18374044678901730949
 7794194016336172564  9883136082115017893  6114700324907406276
14377818398730477109 14211403645352267385 11705954959798049214
 3664194563713229739  5648629570697755492  4205192259819207440
 1101406491571482931 13450061965136999801  8951538364264827810
 9675498535682244077  3014830802426260716  9071905074988548083
11791644273011757618 15663798687555677635 13731944947515769701
 6816950312704727970 13747200498690803952  4559694675338420994
 9476473213602868301  6922079469669431440  1399693187574861202
 6749688616385734111 17823822933291376135 10279936472540717385
17367269873661864567  7360798091041928111 18028816982886577402
15809902519690691363 15351336953344929646  2638915433857843413
 3923368324168917620  5479756416977629784  2106074556460732122
 7920021301773588289 12276122335809323198   712538159409877102
 9504579741131028420 17763677272424314604 13152652021775622832
 5020546513977622531  3241835516930815778  2860002725138929551
12908767453727202387  7303523206664395864  4237873149778854923
10129352918646023544  6690434358689763529 16801088573827689461
 8212899667768592860 12862858407946669837  7957021141136149011
 3027559256551667925   810054246788373170 10767927827910851537
 1144419280953722140  5064416417787519264   761201360624030933
12476983336947113676 17490041496398929311 15578217353544004360
 1919855880746689322  6664334416579393093  5206627404320552947
 1163144692359204728  5387607092173440097 16437669848798951872
 5417541615132890981 15610546455813059406   885307507834776035
 8705528788722676783 15179422829908144205  1424609487559833245
 7427821705477412150 12936066752335510400  8870835490186367678
 8460167851291018149   841677902576982804 16794635315667204171
17575833574979888967 17449703549300274215  8111685921263195461
 8624021520032769204  9131447655767322509  5981706305748965501
16991320642769870077  4288062969892407210  9052457636194383442
15585385341853811406 10069430601054908702  9063993404716835356
 1541586710789895064   407820344767102714  7111746512654594946
 9675900731697604206  9362318701233006935  6763953314750602393
16311271631155007685  8339457639741561059  1556845978899085165
16861790592524952913 15330860492992005503  3153260500855792295
13596868781309493016 17266474467058267480 13481282926133832330
13644115573658884743 13224252643467266000  1238371110471905063
 5400786037790217587  8387344039530896298  6127879854965476492
 5319415983235654520 18125098925841143449  6844347826089486324
 7433443189180815944  3137578062906874100 18232805450474783201
15809922359012802295  4081308506780326248  4313859477649406484
 4915114600938704190  7164777347415526863  1442000537923338834
 3764539149542802212  6699061013932915421  1868003483781009819
 9889287274319128806 13102574144839581639 14671170363893592254
 9436612534427217650  7732049208428027905  4488195898807825308
 8710617898770756206 15471062692087896501 15977065406800299009
 2260125620442673666  5524633199901651427 16891276993859329395
  207579291869472078 17270115103591889033  5023800243800142789
 6093995553981811153  6590856317862890767 16661833402187352208
 1125853279923476912  3339415731924703889 12788882855678465934
 8903397452132918511 10227319631204940005  5051476436072166744
17828974747653835412  5348676322596378564  6842934928883342238
10168359608250670493 15889330359577635605  4477331022357219992
15376130935828279230  4549211209425774768 16736973933537371654
17301497467453992351  9325010919248448449  4522215802534793667
13720997460721764186 17086567373561821952 16128338094047972327
15044778662356071619  1018747605382529559  6704784161859144388
12291595706656093689  3523291236211060915 17906789541419304113
 7253679929308378999  4611118427275265468 10898841213882260099
 4282232382246308214   992469744910413799 12176654173874827567
11810019677493798495   511570267398825929  4547806578084064596
 7474122316563203326 11019482328446670914 18049568893259611508
 6499712331146896137   848269604221549664  9735722631867135649
 8044827643498249705  3565811428706270770   555592240947693454
17882535603725390914  6179453098272577596  5912633958910873081
 8392176699633846132 14518581004126323067 12752692447921658559
15755095614719091902  5843358521375697494 16310935618306173771
 1016643502163650230 16904421900250068892 12461515187640072339
 9191011013427481242  9626840323418607771  3092865340454692513
14421430314054226378  2276337331339460395  2438351535222769851
 7619484257038780051 17562133276734319765    98356216197257636
15854709629829348648  5148512823990111008  4544514450294878623
 7686659318305980799  1944662671515359940 10037805785775373990
   45520332988890825 13122001027768235092 18247559209726052976
  711153878110163116  4614319799572102800 17076666897514541285
 1569161201382254343 12597314392028362353  4636722200722323953
16136568276877987690  1020060348819309815  7583578971211658648
14980500729674049704  9190674143101689448  1157631419289614560
 1155172961574368755 14611816670304374689  8303815836339196143
14752715726359360477   884697190971123851  7027208041417863123
 4185951846016334372 17566101179604054705  8090982760405280229
 9530001119185279698 17850074574523066415 14449588727668945865
13810157576273428406 10503314768648808987 15945253665664252228
15116589776400289933  3501580686177937244  9395876115808984544
13129239957273020169  6756332354274911006 12375089103338537597
16267480973615733765 14588466923203855714 12043538640172231100
 4401651011759106918 17424866260989574873  5092184570066993698
 7851211773066352860  1550273956076217428 13829720560439170830
 5056546425677632658   602128838790006392  1023177212138115491
 8773865238709918473  2404618498024167431  9040585008663821675
 8767324386899245898  4070402803389504618 10684155329997714078
 2784182246090366120 11484710642814943501  2726491615490649495
17076729599316782876 12902882002157815068  4913759451355305636
 7013369071485501394  4181155232401142729  9508446841902196948
 8908256526548158394 11039212507403191072 13837622155614188330
11228390455540835101  7230922909513239347 16541514823590918498
 8007670533720941418  8139850337541500962  2891197377253317574
 6660196864107006147 15948104070807509990 16901367304079308759
 8466223404836645029 16703877587474945089 10569290965251472111
 2880452032604945138 16746706710540251429  9659840695150249026
 9873531129424916821  8384430296264151163  2974326196343302529
17505340887582828453  1393167595272935168  2844038441210400301
12471696286012917968 11126951182015843968 11608852487990094956
 4128831574686870635 16201458998997949395 13419658519461480603
17313800772454736905  6671130176257590674 17251308014377302149
14544038072457363589 15429526807607533590 11151021903836847925
13361644755361401070 18334575733362710477  6515586451608591610
 3539778302599534357 14581707776642910803 13982475469722235332
14217193995134574936 10256307411045506688  9939370436590040486
11924025504376324195  4845583329903939438 16826753151937240327
11037699622867641824 18058362521762743301  8899358581673048291
11708099829926721454 17376822966752943307 11891732473282636023
 7352055412667407358 10115894346388475567  8300707798545339694
17913769337270192916  3392230687515928172  9385949309101312687
15947875599133384871  3005175236333266354  3354486572034191402
10087959961162194924  5003654109618201991  7846151044008888643
 9304509390476481955   841234633741642606 12425336224905200131
11544086824129703386 15137561716295164101  4675377497596391517
11693493489443018096 14347145259539157073  5205990647131616092
 9403472605519243867  4213937486908685614 12735987726847478616
10478943442017920871  1556583909733663700  9962601778392751661
 8532293796486661884  4597254609965082741 10507552667433251637
 6420183805325821243 16653607354888597407  2278130427907715748
10379522751551083430  5331464889562991879  7446646396463320691
 8790395260790649408  6080175148411176208  1362617333752642155
10397114815253050415 14468719117388683948  7654638959580837375
12031960531587795952  2737728452563791943 10616025489508102856
 3430645839144716809   729847997370262059  6445151390259118911
 4055795529651715209 15312188162522312491 10807318349647242270
 7146573569994891026  4980435284770538138 17074411805531285560
 6877796091122379462 11864603263120148731 11635315044472108499
 9892969932008348016 15344130939419986524 12277139626553754242
 1771745555672351783  7217276718344601438 15237497932053623930
10662362098470116529   317858128520268541 10048525034773653207
17511201040937609278  3330302113743589503 11904127467500449427
 7136483344927303875 16862119976783073760  8621731449205812217
16351153691976499297  2080331048744162002 12977645295131233257
 6414246518905739794  4432114209765112031 13912854947139397982
14119580093180382665 13961333642062355949   317835634155206722
 7468319733138432367 11861539341309631853 13698745085620964070
 9495049969422466491 13830342545032503217 13986656225970046551
14676415404335042338  6259915082339773459  2856822346134417726
 1674060154222353030 13040294239757013275 10513961857599520788
 1966546406439810633 17932588183007873858  5299812693030440855
12619657888995333314  7966068700896196270  9069973882887635047
 6361451334340631911 10888866358485303121 16888171678544506338
13549726462405778574  9706055304892989898   547158586513883628
17473854977684301586 14205120072761902308  7350704972542578094
 9887389458042988526  6324488549370702747 16453995701412700901
 7314375151962426862 11363579960338980797  7541581431399161880
14489561460526495714  3437199610428753375 12265348774588166703
 3595304567351102584  9094641020702913776 17398353470898050882
 5388138197635002560 15152333343729212623 17146473574684514870
 7611744522026825434  7284170484926096574 12247599668220729238
  695567460168231974 17641963808193651836  9065165409077011027
 7876687402381682631 16950991490274108675  8742896618036026557
 5597209096793367642 13694251678748355656  9400590054256225776
 5608415477899870976 16531068940294079204 11879709153579867458
17163672780887226841  9942880034373523268 17206615525073078436
17514555630477577806 14912304678027666815 17586181253409637353
 4501157754309329629  9527037790266352913  4741896790879402929
16363369950220573065 18145912283498776314 13988533763551645096
10257334758556265585   821529275484552724   507298929981282395
15717085581449127847 12308689935436847893  9022963493900383225
 8245330025139631223 12266924931779975080 12471049648283682639
 6742822442090745565 14610454672026911746  7449773424797311459
11862013682992535795 11603323711915606740  6818585169496653697
12864973171127746311 12427704841982505389 17421845292592777126
 6853630126622659059  1993314469488751474 17862727310218092221
18186858935665291801  7919866610797948448  2062268932807788823
 7949433863367233480  1243794656884399194 17330497534766275706
 3924859759610478379 15499139324280945438  7199726973140430265
 7324457543460226132  9365480804252425465 12210231684480459902
 2944193104377277346  3637133848954981582  4701982945056014626
 3456688611772849921  1806319132513142235 12765605806628267137
 3813434839482503132  2934018425934884279  1119671985604008359
 3731742633981866274  9308656985102049956 16852952947540504664
15866005920478588899 15515412054106499790 13485908573052837867
 2984657609262837996 15254642455419445573 11858056923195696516
12144170156166005375 11200273192496584098 13955591393095373761
18363043275995327963 13825006545837203319  3831487458965335068
18118397201680762148  7363116600388923412  2402393935348579451
15093645027888794952 13559712369089413636  5277381333361569764
 2704939673349847762 10180822255255686498 13556233391472714403
 8773704210987936482  7539957126797497274 10726004886811707026
17605228484455110003  7000457063809664820 11666734845711524821
12007104789920519853 14680305855822933657  7215945662632293731
17173241728364063238   345965723860879714 17343741291503502267
18336620116394485344 14276144858084561151 10726995842352172491
12736760861065865515  8616110776581616628 16966845887212151531
16681270458384665852  4229631557345307068  6289837041553438784
 9270679022749644161 11937277974823539973  3292741069397757770
 3177002588412797917  7243705307822139308 17890948835016489867
 7809039695256488595 12589707683621375167  3088594081102387474
14990749235805057001 12597618531354093174  8681628889992005821
 6438549047052311391  3896541321181819614 17029736694397488458
 7126029293363348224  2217610389363527285  5427998580714595369
 6097828761247235980  2022873024646622300  6433763213112709963
18131259853343759893 14364440623710646651  4458429824062452891
17262867381960199415  9464723855342487328 18406608055148482745
 5614175135892667356  2238178341359878072 16131885176734756218
 3519181613345317389   919851655028658320  3015677484427358644
 4518080201213558574 11260602925323565714  2811589117013556073
18367646322102457753 13876115471967177999  3721067105308322881
 5443576455880087461 10117287156365219312 10473678226699580877
11921233334568978056  6608291301820795807  9912082828298564389
13723386981791824138  6131743468438468033 16888707372593665527
10332108530388785452 18443483216422498984   779511570808710626
 5680163715638557643 17715122565485067686  5254520617816159137
 6876402346601659865  7593782799928546018   873765963598367503
12977583143503538011  7388269102032316172 13898420477454094727
12874776571390060885  3592041670390566880  8527644083888865895
11135719778051994285 16754576410685061977  1583622244917134334
 2797836574477269493 14092679210227482599  6252635611773236680
 6663766813640627339  3844583815602545880 16043489019643566778
 3500667231240805605 12969759475472237940  2046957856005878274
18271319494866675380 18132714203818477163  4294863395135776804
 3390573173749621564  2464043170559449203 16256912184173289096
 1288273125074573533  4760558022425113451 16384073169232951365
17623906444623308429  6479808887138780410  5459629459399304394
 1182287268914748815 11618564641746885349 10729303921639080301
 1140645953591853856 14313321802322895298 10691405452571951338
16257462416570836238  7739201908396796898  6474909607525701995
 4178765764852096993  3887034132726352140  7585264878225381444
11098661235867898244 16522816011426287210  3801700065572583390
10781135278315444405 11278116033384107412 14312847629334041022
 7833700089794352088 15919617973898041589  2922320301151406631
15213336611116667436  3262779302954964329  4329039880096561764
11964697182482526464 12996294997918946936  8365625678020532013
11681902290109183879  7854759995753200469  2800027999279147188
17930109916760673234  3118461446439524109 15577554910169663285
17519971174914780667 11359962313538951848  8460510437067909698
 9957996051051602252  4487346780216848696 15047526440075781434
15726833458617838598  6370770135108477263 14861811681734078301
   78412474892413700 15065009743181449264  9142370537429373153
12691915217876842211  1314634181963749769  2619493793977975421
16105445730991470175 16074103040446737274  7240397949996763016
10229070642217810612 11059228568477700494 16779958280398595164
12996863729499430735  8164935436303366952  9227554243839694536
10399624227290493581  6802570635217432176  4358457101780801209
 8151185731193032725 10435149301783525815 16562380141434053158
17826980030834058361 11136250464723459358   497027286295118670
15070346887718911710   372223449322952681 17509036323654832791
16135259302960091479  7098864159709478392  7588770290034925822
  596912009804159309 10185083965382898162  4173486413523321706
 4652606796298662124 11162413140958338911   914072003467258644
 9481184671840375673  2128536752859956595 11310959790020571509
13343607388079691030 14792117872690606975 15738038847685472552
 2269889186272824828  1550124160948171410  5101207973797995446
17810947148359692231  9360403043476105992 10789387837006141303
16356953001288694896  9832128260804082704  3388809746150594047
11302510084722505745 10057280833170810162  8529738533846999861
 5414108277626639178  5650736628807202779  1941674227207260317
  285329726408805817 14236717735374173870  1066005537469453432
 4473585314696734967   275590953629685213 12818926464204566025
 2726540926487974439  9780977506200410227    59062414088658988
10031176824372591911 14523980669383366589 11261199208715096193
 6953772064662057249  3207643978347653096  2779942212594894952
18196275947470597431  3290488291140339284 12225795642717759356
 9069587939869777931  5348201276026317513 14337136168176406884
 9637493630018335459 10984438897278447296 11853716742809565282
  798779249989193571  8596109561967864926 16508266343560007152
14635032574465991434
init_by_array__________
 6988358746445169466  8243026105398746808  1834969627022228253
 4317708453718802333  5735592080016950618 15701861065972057279
 1937011938084154648  9039344333312883107  5183767900761883601
11872778851380308426 18312723893941106007  9423648232869302691
13013546593368655763  3620623756598238373  7845290049293770979
 6301603878974373801  5674189337107600057   703438454965815937
17477626316216290265   464910261782202933  5787809253639195598
 6905344363056203638  4518811604126782562 12452579583965651634
 6010191908434900972 12648097709802283508    11848894016827225
11609734193002016088  3171788310743568883 11723819658247479413
13190169687431952254  9982751819388091560 14625401148643333561
 9772651502525606088 11861363409414540246  4408311065802642512
 6662908236411215897  2052290873617474197  8884639168978453658
 8866183224719263069  4724712280564294025  6324661400972598039
 9799960414047001684  2240325975382613564  5478681592624385043
 4977597019073753933 12697219979412054933 13685679404031289280
15599714943207888856  8746950697849056313  5430293215276104523
 8041379069050734635   887675515162429698 11764789122250435688
16812650267636024434 12508347685679502822 13951606142542844639
 3433655211156093785 16250173649855424694 17232070098459631551
 9413896760792985699  2230821465983541577 18312348119197959474
11143576881107279935  7586582348153136063  1780758240352712366
18268147535551863939  7396403364960381429   817545869494044908
17409033953867155377 14632585656088912084  8876739594513469532
14076433168065548681 16716426369505594625 12628048109005040300
14734589465390332576 12922871356931094026 15219718709012257354
 3919034558139984810 17474079277732035129 16185107253161399203
12770194869948952834 10867113404000087399   830173767189273391
  939537572899933389   757791894396619777  1320896256157398333
  800319006184556553  4430851759272404319  5109142514243932767
12130822070248761520  2970422428207475622  2604116940281662370
15025088826239947922 14790247256169454680 11323983387007617081
 5403864913847898880 16131698786709039533  2454138557828048853
12311257988062478871 12376529088241640782  5788194812427267945
 8868674230176613946   538497840182458903 11744375402710774175
 6637150936872605917 13990779923951098640  2592535469319230979
10488218736942585515  4789549881226929206  6808636501811684653
13480861879573825807  8192867212088067795 13987193480814614831
10906970368893927215  6564393257254187629 10247986806962675713
17580023697549011236  1303226773088613258 18126501411055805540
 7583767082139055874 10387332521504812112  3525793175106728442
 7079831256260595643  6877602943042036134  5774774116759237316
 3884305471190773130  4509562370671166885  1052167528641716375
15182420040968360327 17483694039375182364 15958749791569908585
 6051320749100561695 14200868357748747226 16487085529628738631
16265488135664557174 16365080748471162149  9988821230598872137
12048915670787667060 12877640382759370939 15760161616078190215
18148229117880498518 13549346502270037071 11558884433206930043
 2183518233954029431 10896607080316926445  2009373963838150590
14940879922531689701  3111982169463429042 10706669907898610260
 9997966415854871415 18305035841819749529  1901921649638000491
15715621570244679675 10474160406098289928 12679094896962495896
10652626112151868661 10797970802522104544  4489724390059639453
 8715367407681651013 12518547475999033024 15834587432697929361
 1172069567441572989 11350529425067778795 10468303113202886257
14614202740764201756  7769899397416492205  5183444681524786780
13248684908628703915  7260412906719109455  1302204271814665808
 7331727147133102169  3443157692868614851  3503888974982310358
10143821808175866812  7457879749164038769 10083163993559810301
16614275680118252964  2162786037546746936 15720580060369944157
 3927092957804601494 14335440760264821551 10672625334451526196
17521259787751480373 14648179438650587159 13206205682061696785
 8632765426412124078  4202154197305122986  9807571806056300718
16064373354685919195  8779656140913680454 12315958815209189738
 1244329371202414709  2719058266663044168 12209955472155801644
 2942120056564245762  3849454782083716535 14169569922971670056
 2874242889611410718  9087934359965642108  9752230284458007339
  556977411822219610  3638206305881477202 18202325320214455059
 1353806663721907228  6301972457493302779 17182140623899584976
 3940473315137735215 11236516810251730660 12409973085908563307
 1567263006747961159  4581803916641623256  7783272252233341989
 5876630758772167003  4666155744967520080  6936522235482179534
12916908976526684641  5607823242694496366 12014480190036027419
 9215762276031803960 14889532994308866673   436221438036793872
 6123802838392775093  2887107576259639900 10461918135039543617
 2203800841667750738 10800336953914189374  5305694980514644039
13562606547678542345 11829151543220662063 14278745314260552415
10466441146710492258 17539061227162971197 16834649130065652269
 3195945903617354365 11379184078719717107 13703503303463336648
14837244255502914641  1046090429404245835  7618067922064415264
14036390522971717438   410994181189301101 10220403040922596085
12896849211517101153  1202859874998549743  8996150074533631313
16826763582509217466  5608336170419535604 12993228201632339944
17189691928335521007 12518501653485896303 11839317025506113983
 9606340292712462803 16679177979445843293 17996839190565886509
10745518629375831659  9091882271239392778   936334454725532295
10245627679581613575   661104147228179591 14429330808311498575
15505272377687199277  8618957190572687098 11752958450358816983
 2090674144893012048 14607978323731926443   802067825624821011
 2791979679688140091  7883993260658402773 15157142953851207397
11138159787649203729 16831643205821176137  8238753670375163119
 5269524052129578635 18380956326639236025 15216497949821591383
10568643246757088025 10274610140329998941  1890250189846898013
 7798624257424307244 17802047311068030344  7301031124839552133
 4207822507804526464 18181535201521168952 11568174133358955871
13769833757030275613  2851087062739109047 14993906538179056316
13185822299245467400 17092769818734206725   283869331402978192
15301455990850867632  5783650522211307617 13441321045414274809
 4077573526670258288 13641018455399570390  9137583128923983013
14171116119650168005  9983588047982808660  6685668818103817989
 3447432001367954363  1498433453439439781    96830261561836824
10000443659354374748   658690090829148428 18144908196609215135
10778887834537713840  6102917059266908030 10695199799004444299
14578651856541524733 15880155397564440914 16642740719774120013
15023638723759960951  6392964723344389239  9564901554318438087
  494267504176099871  4684542832459183262  8732658798058124584
  772779192121221632  3645580626975940360 15993008741641676149
 7209601081613534807  3529042448029885178 14206386795218604559
 9279251100683586399  1276062552824740112 16605047801232068653
12023878542672666947 18122238902492821045  7429193906170506643
14538227740332071982 12638898546994219301   937420883016164210
 8387098133877585235  3841146347999214292 12120939389277073444
13848685524604143530 13888123825207999097  2643019839642555087
17891363076705800109 11187203234026215439  3172765303691174876
 7448576247912185635  6555789699297330392  4137622522905007650
11468279296562359186   930350308009997920  9503176906075539617
 3486059166049164588 12416268640733313498 10515397266023667565
11789876540285782320  2598869670569559086 12564067860670492584
 3043752291299535881  7837760394710627004 17149767081945816019
 8814547927433336795  4670893692678907326 14493844877020050464
10107687173669607681   770589620316129004 12501317882347600693
 5107568923342733627  2594005052044662666 17631685307557475537
 8346016259983365371 15977979133587792506  6176911862264338189
17511976190955038867 10006317241864881827 11980034349653354996
14495695627374788457  6894986172775600162 14740200551535219674
14726391879526730759  4913221913795920564 14078329635512446855
16371521451316127570 14803203753905195987 12804394635965357723
12527853794879417763 11650379941090397549   104547316017276594
 8928467399431688918  5688806220330219398 10013695172994632966
 6102744298919733233  9932469192767286275 16056595933765591835
 6743137938851327155 15394652839637476638  1915554810130410092
     650471333079144  4037333189742313387 13105898461373038214
 2544257691973445962 13339292599165168391 14338037198278204353
 1665681705086201873 15894988601967652369 12545269564641588119
 7415906881799682695 11390489312651362565  7497454651499671416
16412677782939225261  2451559540670456017  6125295755863355469
 4635432980082413760  5678487664492410949 14465781051547122171
 3935577363089535464  5148594693878285173  4094655960995472957
 4187391060157334973  8936283151150181556  5007456417565337146
16770970320773250055 13319198045197977480 11119501134839884294
 9005690295903210607 17680252430274709903  6460103958831715210
 3013275495590535087 10646521845754993279  1515387161907395527
17803036505023682824  9866894057931606983  8215345435746609780
16344064674869281915  1944504373752642710  9752119086002591816
  815639212835518585 14384259179992215796 14205950687574238107
10557917971651503791 18388617822631847679    64964261426365959
 3023356631430612455  1850092492368899256  7209711284710044874
 3393085527885337976  3121255865836178664    82116390859496623
 9595583798270818110  6066910058529301713 17988947277780498195
 3306326735475109638  2378417876690842026  7497885728900566076
 6017121670506881686  7412835482483229869 10458599769901986429
 3564390009540816102 16305414752347926301  3482227694269184381
17939162499311564092  7545281802357111088  4610082030628613655
 6201666259399971081  9311525730347068864 10869049048826371051
 3910031463873148947  6613640023502729773  5320848495372106915
 1164698105708523691  6960703183193334347  4727270109206468001
17426503439287235544  8387133008045354190 12658182973126174447
 2779835447859616141 12056807104611077752  2224366826155596698
  609521714343023219  4220384441518027482 11154308935444302762
13741926587780556193  9911628675939253768 10582917471597892691
14823058729421476812  9712142959703422019  1722197785945024039
15981065075252143684 17453597602011916144   390055247891417951
 5200991136506780237  3720347151913780778  9272376214695650677
 6059362196560225111  4448133179868479895  2629467414014627336
 9591521717361358513  5222833651553137102  9114486960255858134
15898804923428330666  8616452685994728803 13394676683776403643
 2958288836473321324 16009700437560921629 14398357593429642782
14832072566406564239  6866086501347054283  6687076450629088345
 3263969973311543639  6092714228589518533  7571457983867656446
16098215242924144946 15371626202072815836  5107721065229477305
 3421392061770935908  4871185978659884320  2391502022063251285
13972188274501332820 14426167824300304174 13630174778074377922
 1389457221365396533 10430831992871875432 12724237527874440053
12296937811472731970 15856501255608519120  6253939617082793747
 6011537166667322481   737520250588724835 17420918652617396919
 3948494338543873786 15772285659487830356   493618390791542109
 1707439431247527616   281380195597911559  8850669244645402594
13374028631603933858  1111193174967715776 14782247331610801038
10495039905515514018   460124623229862713  2654659071730221868
 3731326886841122125  2682421774668233952  8625914253587635207
18323394986751386807 11838312881708555420 13649848123229267336
  640359852143145741  5996190960967105324 14802985071079339663
 4815252242496375665  4778750413238228893   333596820229902373
 5439688478268451475  3342200281781182509 16832784675517160698
 9719726943961886526 15530969059696245694  1067348132992335637
17314331987834393254  8817719562795017739 16428706017411849361
16972956441659298595 13163679395828225420  8293197456506725620
 3068197444553942243  8371303748691704616  1547266492336876028
10741030351190663627  2397072213107718635 10589306724316433143
18435411759089082214 17643829836191246595  9300116564340540660
 2465068853907714490  4090890508561235930  8650216792199632747
17247807712548489706  1299013257352085383  3690286635576528323
14810518156152713816 11305988002570974765 17321072732236032859
12205755074952570833  6668639316885190972 18342834426172382090
 4714265577165752921 14005165732580904223  6882126469880417710
10841329619281309278 10545095797337863797  4355568541303070916
 9077692082254941996  7091534869425643284 10109864190440199500
 5595137126929679732  3626735610622300823  7115758880393511157
12182329765645763698  2138257050037223690 14080575265206204484
  811687526453670704 18223681455727449332  5753007133954626602
 3695883372810105161 14187328107706766063 15135286849074761707
17236686985230540293  7355860685614707278  6143765478668629319
 1577596601184368947 11966466766217644588  8015053988294514457
 5255952174563538637  1760719263040257054  9233655938007300630
13029686141054328733  8753800018320299998  2070396261482960318
15363343243900477287  3119693453118979258 10220250765102329057
13906137185354095234  4800755557879848482  1326013609026365638
12189530739990338109 17633587355966236571  3206853247246972517
 9561386105965250622 16020638780635467474  2794709796301652988
  524882763953526092  3777254835456399639 15168187469448524306
 9961095425608757385  8186853194869727393 11084543926891682312
 8127738395089310251  6298626204896633975  1850472970539252238
 6844154396498768555  4733884771096769823 14390457089481039982
16320940886035099962   673997501754893216 16499976778727562795
 3773493261046112372  4044562789834434599 10134186772133636465
 2605502332156702571  4636703260439736328 14053467496493699126
 8195655901874258209 18125814950626442904  8157147100866037576
 5369600080906299308 13153672020315735338  3684746915520421614
 4099501133147023155 13143625599047060578  3847478666013240382
16223420176938088229 17033232141463078700 11910333310692645301
 6111680386772536989  8793985111117031775 12872810412018156284
13964229990950009808  6933355100367718358 15160513863246924330
11683677234275915306 14618931577480715723 12336728266896134520
15798048885310275170  4549919600720599485  4365171453498306568
 2521666016755437023 10048908035389306230  4542170619388656481
 4213761391758949322 14267645875232314529  8976687308807439735
 3233123766065883509  1198913482905796533  4627410564487125867
 8192692732149746486   300006855989803785 17989662034165499113
16570594419926334149  8291648057798339091 15156196254438916988
 2523734814588664644 12926904393821035657 14263056169078404750
 9322217657248175738  3060529306771577235 16123225307458635026
14025295287890147097 17201215943601304663  2690910360848470653
 1846307220189283757 11099923873565667090 13268646595599360334
10783300269491486865 10696512158498591116  2296265518268846719
 8774279829711884768   773624551392646586 12699368642335811891
 9184258614235665744  4751202988132641777  2564664997782555303
16280354586980615739 17583748765500478630 14019750813024553944
 9538339088466529667  1442007127506610976  7973004683903364909
17996289140168828174  1909234692336162937 17471317543890088337
 7263521671632908738 10298237709814452615  4087054933291730910
 7715288249088738624 17536941616267235267 13399759353626260042
  421157003822745953 13712514139170472002  1565707828972586641
13999407342868337536  9604988079930744746 17893862701641171592
 1274007535831518481  9853450799796003847 13108872917003582923
  856135227579305922  8173603183534212951 14086711959709286462
 5446796262061331899    36092322810641771  4319686073987767862
 3056216906154221694 14903480434438216987  3345700551854752433
 5156966990261350524  1433391482064413203 11839828959852120819
15131392814301848398  3476690987797039682  4413423107227551018
 1636390598828275185  4575470740470659705   521006403858242146
17401509476336456120 10874201990271800822 14792937588941446615
 2796855380498186724  3327756865905229003 16922747683130951590
 9427797914748312247  1174676741175338715 15265971913491924934
16610900400676535130  6380771377411227703  2280507072561393308
 3059225958036610005 15116907578932591737 12860592995650791602
12819743753774759267  1984458853585302802 15610444507725474519
17907300824013906346 12531168990431006616 15916940407158644102
17601557153272682938  7712519948532262642  3583792423728483753
 3431344723685006847  3576977638313354912 10871722307187433028
14291849901156592628  7023447960046378095 17055749657539142232
 5335153951003279965 16200560811348903091 18361806224304293048
 3283230172822298055 12064536226834908498  5678788145750979038
 7278868455317089851   220469506753519056 13129202223503965782
12130182893087157350  4015289637592290853  8724908204056939726
   65995299476952845 13711775814004311278  5343045255115646304
 9456537488013536912 12514599440790607663 14724233005508906995
 6252867582403222216  9515856551814440327  5268342487274131301
18298713581342394145 15537016884691784103  2171356503534464909
 8335367634134815288 15979075399419450292   242488136875894589
 1150391225996240526  4299891338153013174  8752987235033341344
14478354121703830044 11613018949250733689 18047220738644898481
16581627637209592940 14859864954790243051  2724299642008469467
16547229187296434385  7706308854673613368  5690220731566832838
 3798627877372965275 14255407638057602359 14675383525616340769
17258650530383938075 15134182685431349850  9074939581346190186
14347089582176325842  2387108007252024197 16007060258837122206
 3783951879282963849 15467445275779628626 12631171143154697299
 6196613092143920190  3607832231663951239  6813413865783666986
15630975625699696610 13088186684611251252 10188255908488452081
10209959007831121626 14865406862392396566 14484140790672231724
13244735307337987041 16053843690329113710 16466996312313250595
14393148570485983900  1844243030040724772 11082694446735877169
17984546011052720215  9696571146445688671 16599842322658060761
13786843450606809305 16366331531650577420 10983833297222309321
 9593863147769005033  1122166750601377054 15135470226325756660
 8451775172679609456 17483082971760922056 16589629589833151964
 6529763074844278522 12771108761898025590 12636462637636075245
 8276468793912525805 14280851025947932233  5013481885398940776
 3962721838814329364  6315423828696775644 16489439460817842235
16428723065013680710  3037558810802563823   218865942388557860
 8066342636813116032  6171144197242681838 18276143339667267809
 6415063929108337498 17538209056425311785  9378913415118446999
14994380801751923798  1719165475488970350 17136253427431960763
 8630156198841139891 15404725032361334639  2220587770163998140
15387526856985921619  9953345774372559787 13842587896237204836
 6810740793024946564 14209872712073335323  4525250992393604769
 1562671671261461081 15308731860541728925 14269739508249802381
11975970093209415097 12658458054020420350 15448788097678029788
 4036573847306280007 17071207450891402060  2504217661815338556
 1030050182515173128  1843362159276786709 16191096496135071038
  291201579928347673 10401817361874257304   907508136914090398
  796140987631344385 13407085657299243508   952538440417039713
13167164885206169120 12419277409414179394 16192786677589189684
 5992201112676571530 14624846725160354614 10020940138989999457
 5571047807159789759 17793590183525249859    68497080526530447
17206291436243449377 16325397175425137981  3618390054948765231
 9445570699189171081    87506082630202491 14627269451173798312
 6101405863203082104  5228430968792490886 13983679848259401947
 4252450918275539136  5331237632254007130 12770665641112873630
 9136076674058118192   991222321463035367  2709818556781242513
16197588698684929443  3225680681432838934 10623456180590986642
 2007050237018026826 15822034961031955124 18309163352656415097
 6588246579164523555  9059323970758621220 16765737768364955281
15569510119224097490  1022844215851508836  6945410706415851585
 6643447405326345019 18414488235465398607 13111578819165962154
 1630792462987912355 10954387795660418033  4935704684272075051
17665915888316496607 11991764268181716469 15222386845202192016
18388164930932691658 15319406430845526521 17209325241677492494
 2202545754108230791 14091106442563035415  2594955712396746226
15927980864596075979  4816160671348686596 12436266818155720888
10660252091996566570 16800589736708527941  6082043936795124677
12148419367826362721 14593821751971974514  5285431819718367834
17257795918269800998 12554400854513665115  1484102213967591849
 9445848208062785850  1660989260492040813  1279950440289503864
16759441420224147543 13665030485442763154 13812121803234024941
16944320290655096296  3491341272810062151 16186148929631323501
 5975828263744585756  1213975577248528258  5175435935538935511
16046975548065419974 16187996876080948336 16537025790808394579
 4295775858148536549 17117727679358722108 10455679577225537430
17022661024142327227  8107696879097038064  2270738812224691694
 6773315557163066852  8327356825277287961  3840892417207751063
 6624087131035355263 15557405614174733492 15120568276818161684
 8952144278291257937  3769399261694737291  1720092152632019744
 3148220660623877382
